

Starting up round 12:34:09
---------------------
[12:34:09]MISC: Saved mode is 'extended'
[12:34:10]ADMIN: Loading jobban_rank
[12:34:10]ADMIN: jobban_keylist was empty
[12:34:10]ADMIN: Loading Banlist
[12:34:10]DEBUG: Error setting up jobs, blank title job: /datum/job/captain.
[12:34:10]DEBUG: Error setting up jobs, blank title job: /datum/job/hop.
[12:34:10]DEBUG: Error setting up jobs, blank title job: /datum/job/assistant.
[12:34:10]DEBUG: Error setting up jobs, blank title job: /datum/job/bartender.
[12:34:10]DEBUG: Error setting up jobs, blank title job: /datum/job/chef.
[12:34:10]DEBUG: Error setting up jobs, blank title job: /datum/job/hydro.
[12:34:10]DEBUG: Error setting up jobs, blank title job: /datum/job/mining.
[12:34:10]DEBUG: Error setting up jobs, blank title job: /datum/job/janitor.
[12:34:10]DEBUG: Error setting up jobs, blank title job: /datum/job/librarian.
[12:34:10]DEBUG: Error setting up jobs, blank title job: /datum/job/lawyer.
[12:34:10]DEBUG: Error setting up jobs, blank title job: /datum/job/chaplain.
[12:34:10]DEBUG: Error setting up jobs, blank title job: /datum/job/qm.
[12:34:10]DEBUG: Error setting up jobs, blank title job: /datum/job/cargo_tech.
[12:34:10]DEBUG: Error setting up jobs, blank title job: /datum/job/chief_engineer.
[12:34:10]DEBUG: Error setting up jobs, blank title job: /datum/job/engineer.
[12:34:10]DEBUG: Error setting up jobs, blank title job: /datum/job/atmos.
[12:34:10]DEBUG: Error setting up jobs, blank title job: /datum/job/cmo.
[12:34:10]DEBUG: Error setting up jobs, blank title job: /datum/job/doctor.
[12:34:10]DEBUG: Error setting up jobs, blank title job: /datum/job/chemist.
[12:34:10]DEBUG: Error setting up jobs, blank title job: /datum/job/geneticist.
[12:34:10]DEBUG: Error setting up jobs, blank title job: /datum/job/psychiatrist.
[12:34:10]DEBUG: Error setting up jobs, blank title job: /datum/job/rd.
[12:34:10]DEBUG: Error setting up jobs, blank title job: /datum/job/scientist.
[12:34:10]DEBUG: Error setting up jobs, blank title job: /datum/job/roboticist.
[12:34:10]DEBUG: Error setting up jobs, blank title job: /datum/job/hos.
[12:34:10]DEBUG: Error setting up jobs, blank title job: /datum/job/warden.
[12:34:10]DEBUG: Error setting up jobs, blank title job: /datum/job/detective.
[12:34:10]DEBUG: Error setting up jobs, blank title job: /datum/job/officer.
[12:34:13]DEBUG: Next event in 41.458 minutes.
[12:34:15]ACCESS: Login: BigSancho/(BigSancho) from 127.0.0.1-3068193435 || BYOND v512.1472
[12:34:26]ADMIN: BigSancho has started the game.
[12:34:42]ACCESS: Logout: *no key*/(BigSancho)
[12:34:42]ACCESS: Login: BigSancho/(Opie Thorley) from 127.0.0.1-3068193435 || BYOND v512.1472
[12:35:02]ADMIN: BigSancho/(Opie Thorley) created a /obj/item/weapon/gun/rifle/ak74/romanian
[12:36:11]ACCESS: Logout: BigSancho/(Opie Thorley)
[12:38:09]ACCESS: Login: BigSancho/(Opie Thorley) from 127.0.0.1-3068193435 || BYOND v512.1472
[12:38:11]ACCESS: Logout: BigSancho/(Opie Thorley)
