

Starting up round 12:38:18
---------------------
runtime error: list index out of bounds
proc name: remove overlay (/mob/living/carbon/human/remove_overlay)
  source file: update_icons.dm,107
  usr: null
  src: Colonist Jan Horris (/mob/living/carbon/human)
  src.loc: the floor (74,56,1) (/turf/open/floor)
  call stack:
Colonist Jan Horris (/mob/living/carbon/human): remove overlay(26)
Colonist Jan Horris (/mob/living/carbon/human): update mutantrace(0)
Colonist Jan Horris (/mob/living/carbon/human): regenerate icons()
Colonist Jan Horris\'s head (/obj/item/limb/head): New(the floor (74,56,1) (/turf/open/floor), Colonist Jan Horris (/mob/living/carbon/human))
head (/datum/limb/head): droplimb(null, 0)
head (/datum/limb/head): take damage(100, 0, 0, 0, null, /list (/list), null)
head (/datum/limb/head): take damage(100, 0, 0, 0, null, /list (/list))
Colonist Jan Horris (/mob/living/carbon/human): take overall damage(100, 0, 0, 0, null)
Colonist Jan Horris (/mob/living/carbon/human): adjustBruteLoss(100)
Colonist Jan Horris (/obj/effect/landmark/corpsespawner/scientist): createCorpse()
Colonist Jan Horris (/obj/effect/landmark/corpsespawner/scientist): initialize()
Objects (/datum/controller/process/objects): setup()
/datum/controller/processSched... (/datum/controller/processScheduler): addProcess(Objects (/datum/controller/process/objects))
/datum/controller/processSched... (/datum/controller/processScheduler): setup()
world: New()
runtime error: list index out of bounds
proc name: apply overlay (/mob/living/carbon/human/apply_overlay)
  source file: update_icons.dm,102
  usr: null
  src: Colonist Jan Horris (/mob/living/carbon/human)
  src.loc: the floor (74,56,1) (/turf/open/floor)
  call stack:
Colonist Jan Horris (/mob/living/carbon/human): apply overlay(26)
Colonist Jan Horris (/mob/living/carbon/human): update mutantrace(0)
Colonist Jan Horris (/mob/living/carbon/human): regenerate icons()
Colonist Jan Horris\'s head (/obj/item/limb/head): New(the floor (74,56,1) (/turf/open/floor), Colonist Jan Horris (/mob/living/carbon/human))
head (/datum/limb/head): droplimb(null, 0)
head (/datum/limb/head): take damage(100, 0, 0, 0, null, /list (/list), null)
head (/datum/limb/head): take damage(100, 0, 0, 0, null, /list (/list))
Colonist Jan Horris (/mob/living/carbon/human): take overall damage(100, 0, 0, 0, null)
Colonist Jan Horris (/mob/living/carbon/human): adjustBruteLoss(100)
Colonist Jan Horris (/obj/effect/landmark/corpsespawner/scientist): createCorpse()
Colonist Jan Horris (/obj/effect/landmark/corpsespawner/scientist): initialize()
Objects (/datum/controller/process/objects): setup()
/datum/controller/processSched... (/datum/controller/processScheduler): addProcess(Objects (/datum/controller/process/objects))
/datum/controller/processSched... (/datum/controller/processScheduler): setup()
world: New()
runtime error: list index out of bounds
proc name: remove overlay (/mob/living/carbon/human/remove_overlay)
  source file: update_icons.dm,107
  usr: (src)
  src: Mr. Johnson Telovin (/mob/living/carbon/human)
  src.loc: the floor (53,30,1) (/turf/open/floor)
  call stack:
Mr. Johnson Telovin (/mob/living/carbon/human): remove overlay(26)
Mr. Johnson Telovin (/mob/living/carbon/human): update mutantrace(0)
Mr. Johnson Telovin (/mob/living/carbon/human): regenerate icons()
Mr. Johnson Telovin (/mob/living/carbon/human): set species("Human", null)
runtime error: list index out of bounds
proc name: apply overlay (/mob/living/carbon/human/apply_overlay)
  source file: update_icons.dm,102
  usr: (src)
  src: Mr. Johnson Telovin (/mob/living/carbon/human)
  src.loc: the floor (53,30,1) (/turf/open/floor)
  call stack:
Mr. Johnson Telovin (/mob/living/carbon/human): apply overlay(26)
Mr. Johnson Telovin (/mob/living/carbon/human): update mutantrace(0)
Mr. Johnson Telovin (/mob/living/carbon/human): regenerate icons()
Mr. Johnson Telovin (/mob/living/carbon/human): set species("Human", null)
runtime error: list index out of bounds
proc name: remove overlay (/mob/living/carbon/human/remove_overlay)
  source file: update_icons.dm,107
  usr: (src)
  src: Colonist Jan Horris (/mob/living/carbon/human)
  src.loc: the floor (74,56,1) (/turf/open/floor)
  call stack:
Colonist Jan Horris (/mob/living/carbon/human): remove overlay(26)
Colonist Jan Horris (/mob/living/carbon/human): update mutantrace(0)
Colonist Jan Horris (/mob/living/carbon/human): regenerate icons()
Colonist Jan Horris (/mob/living/carbon/human): set species("Human", null)
runtime error: list index out of bounds
proc name: apply overlay (/mob/living/carbon/human/apply_overlay)
  source file: update_icons.dm,102
  usr: (src)
  src: Colonist Jan Horris (/mob/living/carbon/human)
  src.loc: the floor (74,56,1) (/turf/open/floor)
  call stack:
Colonist Jan Horris (/mob/living/carbon/human): apply overlay(26)
Colonist Jan Horris (/mob/living/carbon/human): update mutantrace(0)
Colonist Jan Horris (/mob/living/carbon/human): regenerate icons()
Colonist Jan Horris (/mob/living/carbon/human): set species("Human", null)
runtime error: list index out of bounds
proc name: remove overlay (/mob/living/carbon/human/remove_overlay)
  source file: update_icons.dm,107
  usr: (src)
  src: Colonist Jed Willis (/mob/living/carbon/human)
  src.loc: the river (21,58,1) (/turf/open/gm/river)
  call stack:
Colonist Jed Willis (/mob/living/carbon/human): remove overlay(26)
Colonist Jed Willis (/mob/living/carbon/human): update mutantrace(0)
Colonist Jed Willis (/mob/living/carbon/human): regenerate icons()
Colonist Jed Willis (/mob/living/carbon/human): set species("Human", null)
runtime error: list index out of bounds
proc name: apply overlay (/mob/living/carbon/human/apply_overlay)
  source file: update_icons.dm,102
  usr: (src)
  src: Colonist Jed Willis (/mob/living/carbon/human)
  src.loc: the river (21,58,1) (/turf/open/gm/river)
  call stack:
Colonist Jed Willis (/mob/living/carbon/human): apply overlay(26)
Colonist Jed Willis (/mob/living/carbon/human): update mutantrace(0)
Colonist Jed Willis (/mob/living/carbon/human): regenerate icons()
Colonist Jed Willis (/mob/living/carbon/human): set species("Human", null)
runtime error: list index out of bounds
proc name: remove overlay (/mob/living/carbon/human/remove_overlay)
  source file: update_icons.dm,107
  usr: (src)
  src: Colonist Tevin Marks (/mob/living/carbon/human)
  src.loc: the floor (73,65,1) (/turf/open/floor)
  call stack:
Colonist Tevin Marks (/mob/living/carbon/human): remove overlay(26)
Colonist Tevin Marks (/mob/living/carbon/human): update mutantrace(0)
Colonist Tevin Marks (/mob/living/carbon/human): regenerate icons()
Colonist Tevin Marks (/mob/living/carbon/human): set species("Human", null)
runtime error: list index out of bounds
proc name: apply overlay (/mob/living/carbon/human/apply_overlay)
  source file: update_icons.dm,102
  usr: (src)
  src: Colonist Tevin Marks (/mob/living/carbon/human)
  src.loc: the floor (73,65,1) (/turf/open/floor)
  call stack:
Colonist Tevin Marks (/mob/living/carbon/human): apply overlay(26)
Colonist Tevin Marks (/mob/living/carbon/human): update mutantrace(0)
Colonist Tevin Marks (/mob/living/carbon/human): regenerate icons()
Colonist Tevin Marks (/mob/living/carbon/human): set species("Human", null)
runtime error: list index out of bounds
proc name: remove overlay (/mob/living/carbon/human/remove_overlay)
  source file: update_icons.dm,107
  usr: (src)
  src: Unknown (as Colonist Roester K... (/mob/living/carbon/human)
  src.loc: the floor (59,105,1) (/turf/open/floor)
  call stack:
Unknown (as Colonist Roester K... (/mob/living/carbon/human): remove overlay(26)
Unknown (as Colonist Roester K... (/mob/living/carbon/human): update mutantrace(0)
Unknown (as Colonist Roester K... (/mob/living/carbon/human): regenerate icons()
Unknown (as Colonist Roester K... (/mob/living/carbon/human): set species("Human", null)
runtime error: list index out of bounds
proc name: apply overlay (/mob/living/carbon/human/apply_overlay)
  source file: update_icons.dm,102
  usr: (src)
  src: Unknown (as Colonist Roester K... (/mob/living/carbon/human)
  src.loc: the floor (59,105,1) (/turf/open/floor)
  call stack:
Unknown (as Colonist Roester K... (/mob/living/carbon/human): apply overlay(26)
Unknown (as Colonist Roester K... (/mob/living/carbon/human): update mutantrace(0)
Unknown (as Colonist Roester K... (/mob/living/carbon/human): regenerate icons()
Unknown (as Colonist Roester K... (/mob/living/carbon/human): set species("Human", null)
runtime error: list index out of bounds
proc name: remove overlay (/mob/living/carbon/human/remove_overlay)
  source file: update_icons.dm,107
  usr: (src)
  src: Unknown (/mob/living/carbon/human)
  src.loc: the floor (124,147,1) (/turf/open/shuttle)
  call stack:
Unknown (/mob/living/carbon/human): remove overlay(26)
Unknown (/mob/living/carbon/human): update mutantrace(0)
Unknown (/mob/living/carbon/human): regenerate icons()
Unknown (/mob/living/carbon/human): set species("Human", null)
runtime error: list index out of bounds
proc name: apply overlay (/mob/living/carbon/human/apply_overlay)
  source file: update_icons.dm,102
  usr: (src)
  src: Unknown (/mob/living/carbon/human)
  src.loc: the floor (124,147,1) (/turf/open/shuttle)
  call stack:
Unknown (/mob/living/carbon/human): apply overlay(26)
Unknown (/mob/living/carbon/human): update mutantrace(0)
Unknown (/mob/living/carbon/human): regenerate icons()
Unknown (/mob/living/carbon/human): set species("Human", null)
runtime error: list index out of bounds
proc name: remove overlay (/mob/living/carbon/human/remove_overlay)
  source file: update_icons.dm,107
  usr: (src)
  src: Unknown (as Colonist Innio Mor... (/mob/living/carbon/human)
  src.loc: the dirt (15,158,1) (/turf/open/gm/dirt)
  call stack:
Unknown (as Colonist Innio Mor... (/mob/living/carbon/human): remove overlay(26)
Unknown (as Colonist Innio Mor... (/mob/living/carbon/human): update mutantrace(0)
Unknown (as Colonist Innio Mor... (/mob/living/carbon/human): regenerate icons()
Unknown (as Colonist Innio Mor... (/mob/living/carbon/human): set species("Human", null)
runtime error: list index out of bounds
proc name: apply overlay (/mob/living/carbon/human/apply_overlay)
  source file: update_icons.dm,102
  usr: (src)
  src: Unknown (as Colonist Innio Mor... (/mob/living/carbon/human)
  src.loc: the dirt (15,158,1) (/turf/open/gm/dirt)
  call stack:
Unknown (as Colonist Innio Mor... (/mob/living/carbon/human): apply overlay(26)
Unknown (as Colonist Innio Mor... (/mob/living/carbon/human): update mutantrace(0)
Unknown (as Colonist Innio Mor... (/mob/living/carbon/human): regenerate icons()
Unknown (as Colonist Innio Mor... (/mob/living/carbon/human): set species("Human", null)
runtime error: list index out of bounds
proc name: remove overlay (/mob/living/carbon/human/remove_overlay)
  source file: update_icons.dm,107
  usr: (src)
  src: Unknown (as Colonist Braxton O... (/mob/living/carbon/human)
  src.loc: the dirt (17,158,1) (/turf/open/gm/dirt)
  call stack:
Unknown (as Colonist Braxton O... (/mob/living/carbon/human): remove overlay(26)
Unknown (as Colonist Braxton O... (/mob/living/carbon/human): update mutantrace(0)
Unknown (as Colonist Braxton O... (/mob/living/carbon/human): regenerate icons()
Unknown (as Colonist Braxton O... (/mob/living/carbon/human): set species("Human", null)
runtime error: list index out of bounds
proc name: apply overlay (/mob/living/carbon/human/apply_overlay)
  source file: update_icons.dm,102
  usr: (src)
  src: Unknown (as Colonist Braxton O... (/mob/living/carbon/human)
  src.loc: the dirt (17,158,1) (/turf/open/gm/dirt)
  call stack:
Unknown (as Colonist Braxton O... (/mob/living/carbon/human): apply overlay(26)
Unknown (as Colonist Braxton O... (/mob/living/carbon/human): update mutantrace(0)
Unknown (as Colonist Braxton O... (/mob/living/carbon/human): regenerate icons()
Unknown (as Colonist Braxton O... (/mob/living/carbon/human): set species("Human", null)
runtime error: list index out of bounds
proc name: remove overlay (/mob/living/carbon/human/remove_overlay)
  source file: update_icons.dm,107
  usr: (src)
  src: Unknown (as Colonist Kira Von) (/mob/living/carbon/human)
  src.loc: the dirt (18,158,1) (/turf/open/gm/dirt)
  call stack:
Unknown (as Colonist Kira Von) (/mob/living/carbon/human): remove overlay(26)
Unknown (as Colonist Kira Von) (/mob/living/carbon/human): update mutantrace(0)
Unknown (as Colonist Kira Von) (/mob/living/carbon/human): regenerate icons()
Unknown (as Colonist Kira Von) (/mob/living/carbon/human): set species("Human", null)
runtime error: list index out of bounds
proc name: apply overlay (/mob/living/carbon/human/apply_overlay)
  source file: update_icons.dm,102
runtime error: list index out of bounds
proc name: remove overlay (/mob/living/carbon/human/remove_overlay)
  source file: update_icons.dm,107
runtime error: list index out of bounds
proc name: apply overlay (/mob/living/carbon/human/apply_overlay)
  source file: update_icons.dm,102
runtime error: list index out of bounds
proc name: remove overlay (/mob/living/carbon/human/remove_overlay)
  source file: update_icons.dm,107
runtime error: list index out of bounds
proc name: apply overlay (/mob/living/carbon/human/apply_overlay)
  source file: update_icons.dm,102
runtime error: list index out of bounds
proc name: remove overlay (/mob/living/carbon/human/remove_overlay)
  source file: update_icons.dm,107
runtime error: list index out of bounds
proc name: apply overlay (/mob/living/carbon/human/apply_overlay)
  source file: update_icons.dm,102
runtime error: list index out of bounds
proc name: remove overlay (/mob/living/carbon/human/remove_overlay)
  source file: update_icons.dm,107
runtime error: list index out of bounds
proc name: apply overlay (/mob/living/carbon/human/apply_overlay)
  source file: update_icons.dm,102
runtime error: list index out of bounds
proc name: remove overlay (/mob/living/carbon/human/remove_overlay)
  source file: update_icons.dm,107
runtime error: list index out of bounds
proc name: apply overlay (/mob/living/carbon/human/apply_overlay)
  source file: update_icons.dm,102
runtime error: list index out of bounds
proc name: remove overlay (/mob/living/carbon/human/remove_overlay)
  source file: update_icons.dm,107
runtime error: list index out of bounds
proc name: apply overlay (/mob/living/carbon/human/apply_overlay)
  source file: update_icons.dm,102
runtime error: list index out of bounds
proc name: remove overlay (/mob/living/carbon/human/remove_overlay)
  source file: update_icons.dm,107
runtime error: list index out of bounds
proc name: apply overlay (/mob/living/carbon/human/apply_overlay)
  source file: update_icons.dm,102
runtime error: list index out of bounds
proc name: remove overlay (/mob/living/carbon/human/remove_overlay)
  source file: update_icons.dm,107
runtime error: list index out of bounds
proc name: apply overlay (/mob/living/carbon/human/apply_overlay)
  source file: update_icons.dm,102
runtime error: list index out of bounds
proc name: remove overlay (/mob/living/carbon/human/remove_overlay)
  source file: update_icons.dm,107
runtime error: list index out of bounds
proc name: apply overlay (/mob/living/carbon/human/apply_overlay)
  source file: update_icons.dm,102
runtime error: list index out of bounds
proc name: remove overlay (/mob/living/carbon/human/remove_overlay)
  source file: update_icons.dm,107
runtime error: list index out of bounds
proc name: apply overlay (/mob/living/carbon/human/apply_overlay)
  source file: update_icons.dm,102
runtime error: list index out of bounds
proc name: remove overlay (/mob/living/carbon/human/remove_overlay)
  source file: update_icons.dm,107
runtime error: list index out of bounds
proc name: apply overlay (/mob/living/carbon/human/apply_overlay)
  source file: update_icons.dm,102
runtime error: list index out of bounds
proc name: remove overlay (/mob/living/carbon/human/remove_overlay)
  source file: update_icons.dm,107
runtime error: list index out of bounds
proc name: apply overlay (/mob/living/carbon/human/apply_overlay)
  source file: update_icons.dm,102
runtime error: list index out of bounds
proc name: remove overlay (/mob/living/carbon/human/remove_overlay)
  source file: update_icons.dm,107
runtime error: list index out of bounds
proc name: apply overlay (/mob/living/carbon/human/apply_overlay)
  source file: update_icons.dm,102
runtime error: list index out of bounds
proc name: remove overlay (/mob/living/carbon/human/remove_overlay)
  source file: update_icons.dm,107
runtime error: list index out of bounds
proc name: apply overlay (/mob/living/carbon/human/apply_overlay)
  source file: update_icons.dm,102
runtime error: list index out of bounds
proc name: remove overlay (/mob/living/carbon/human/remove_overlay)
  source file: update_icons.dm,107
runtime error: list index out of bounds
proc name: apply overlay (/mob/living/carbon/human/apply_overlay)
  source file: update_icons.dm,102
runtime error: list index out of bounds
proc name: remove overlay (/mob/living/carbon/human/remove_overlay)
  source file: update_icons.dm,107
runtime error: list index out of bounds
proc name: apply overlay (/mob/living/carbon/human/apply_overlay)
  source file: update_icons.dm,102
runtime error: list index out of bounds
proc name: remove overlay (/mob/living/carbon/human/remove_overlay)
  source file: update_icons.dm,107
runtime error: list index out of bounds
proc name: apply overlay (/mob/living/carbon/human/apply_overlay)
  source file: update_icons.dm,102
runtime error: list index out of bounds
proc name: remove overlay (/mob/living/carbon/human/remove_overlay)
  source file: update_icons.dm,107
runtime error: list index out of bounds
proc name: apply overlay (/mob/living/carbon/human/apply_overlay)
  source file: update_icons.dm,102
runtime error: list index out of bounds
proc name: remove overlay (/mob/living/carbon/human/remove_overlay)
  source file: update_icons.dm,107
runtime error: list index out of bounds
proc name: apply overlay (/mob/living/carbon/human/apply_overlay)
  source file: update_icons.dm,102
runtime error: list index out of bounds
proc name: remove overlay (/mob/living/carbon/human/remove_overlay)
  source file: update_icons.dm,107
runtime error: list index out of bounds
proc name: apply overlay (/mob/living/carbon/human/apply_overlay)
  source file: update_icons.dm,102
runtime error: list index out of bounds
proc name: remove overlay (/mob/living/carbon/human/remove_overlay)
  source file: update_icons.dm,107
runtime error: list index out of bounds
proc name: apply overlay (/mob/living/carbon/human/apply_overlay)
  source file: update_icons.dm,102
runtime error: list index out of bounds
proc name: remove overlay (/mob/living/carbon/human/remove_overlay)
  source file: update_icons.dm,107
runtime error: list index out of bounds
proc name: apply overlay (/mob/living/carbon/human/apply_overlay)
  source file: update_icons.dm,102
runtime error: list index out of bounds
proc name: remove overlay (/mob/living/carbon/human/remove_overlay)
  source file: update_icons.dm,107
runtime error: list index out of bounds
proc name: apply overlay (/mob/living/carbon/human/apply_overlay)
  source file: update_icons.dm,102
runtime error: list index out of bounds
proc name: remove overlay (/mob/living/carbon/human/remove_overlay)
  source file: update_icons.dm,107
runtime error: list index out of bounds
proc name: apply overlay (/mob/living/carbon/human/apply_overlay)
  source file: update_icons.dm,102
runtime error: list index out of bounds
proc name: remove overlay (/mob/living/carbon/human/remove_overlay)
  source file: update_icons.dm,107
runtime error: list index out of bounds
proc name: apply overlay (/mob/living/carbon/human/apply_overlay)
  source file: update_icons.dm,102
runtime error: list index out of bounds
proc name: remove overlay (/mob/living/carbon/human/remove_overlay)
  source file: update_icons.dm,107
runtime error: list index out of bounds
proc name: apply overlay (/mob/living/carbon/human/apply_overlay)
  source file: update_icons.dm,102
World opened on network port 25565.
