

Starting up round 12:16:42
---------------------
[12:16:42]MISC: Saved mode is 'extended'
[12:16:42]ADMIN: Loading jobban_rank
[12:16:42]ADMIN: jobban_keylist was empty
[12:16:42]ADMIN: Loading Banlist
[12:16:42]DEBUG: Error setting up jobs, blank title job: /datum/job/captain.
[12:16:42]DEBUG: Error setting up jobs, blank title job: /datum/job/hop.
[12:16:42]DEBUG: Error setting up jobs, blank title job: /datum/job/assistant.
[12:16:42]DEBUG: Error setting up jobs, blank title job: /datum/job/bartender.
[12:16:42]DEBUG: Error setting up jobs, blank title job: /datum/job/chef.
[12:16:42]DEBUG: Error setting up jobs, blank title job: /datum/job/hydro.
[12:16:42]DEBUG: Error setting up jobs, blank title job: /datum/job/mining.
[12:16:42]DEBUG: Error setting up jobs, blank title job: /datum/job/janitor.
[12:16:42]DEBUG: Error setting up jobs, blank title job: /datum/job/librarian.
[12:16:42]DEBUG: Error setting up jobs, blank title job: /datum/job/lawyer.
[12:16:42]DEBUG: Error setting up jobs, blank title job: /datum/job/chaplain.
[12:16:42]DEBUG: Error setting up jobs, blank title job: /datum/job/qm.
[12:16:42]DEBUG: Error setting up jobs, blank title job: /datum/job/cargo_tech.
[12:16:42]DEBUG: Error setting up jobs, blank title job: /datum/job/chief_engineer.
[12:16:42]DEBUG: Error setting up jobs, blank title job: /datum/job/engineer.
[12:16:42]DEBUG: Error setting up jobs, blank title job: /datum/job/atmos.
[12:16:42]DEBUG: Error setting up jobs, blank title job: /datum/job/cmo.
[12:16:42]DEBUG: Error setting up jobs, blank title job: /datum/job/doctor.
[12:16:42]DEBUG: Error setting up jobs, blank title job: /datum/job/chemist.
[12:16:42]DEBUG: Error setting up jobs, blank title job: /datum/job/geneticist.
[12:16:42]DEBUG: Error setting up jobs, blank title job: /datum/job/psychiatrist.
[12:16:42]DEBUG: Error setting up jobs, blank title job: /datum/job/rd.
[12:16:42]DEBUG: Error setting up jobs, blank title job: /datum/job/scientist.
[12:16:42]DEBUG: Error setting up jobs, blank title job: /datum/job/roboticist.
[12:16:42]DEBUG: Error setting up jobs, blank title job: /datum/job/hos.
[12:16:42]DEBUG: Error setting up jobs, blank title job: /datum/job/warden.
[12:16:42]DEBUG: Error setting up jobs, blank title job: /datum/job/detective.
[12:16:42]DEBUG: Error setting up jobs, blank title job: /datum/job/officer.
[12:16:46]DEBUG: Next event in 25.826 minutes.
[12:17:21]ACCESS: Login: BigSancho/(BigSancho) from 127.0.0.1-3068193435 || BYOND v512.1472
[12:17:31]ADMIN: BigSancho has started the game.
[12:17:45]ACCESS: Logout: *no key*/(BigSancho)
[12:17:45]ACCESS: Login: BigSancho/(Opie Thorley) from 127.0.0.1-3068193435 || BYOND v512.1472
[12:18:08]ADMIN: BigSancho/(Opie Thorley) created a /obj/item/weapon/gun/rifle/ak74/pikantini
[12:18:10]ADMIN: BigSancho/(Opie Thorley) created a /obj/item/weapon/gun/rifle/ak74/romanian
[12:18:13]ADMIN: BigSancho/(Opie Thorley) created a /obj/item/weapon/gun/rifle/ak74/stripped
[12:21:03]ACCESS: Logout: BigSancho/(Opie Thorley)
