

Starting up round 12:16:42
---------------------
runtime error: list index out of bounds
proc name: remove overlay (/mob/living/carbon/human/remove_overlay)
  source file: update_icons.dm,107
  usr: null
  src: Colonist Ben Harris (/mob/living/carbon/human)
  src.loc: the dirt (167,165,1) (/turf/open/gm/dirt)
  call stack:
Colonist Ben Harris (/mob/living/carbon/human): remove overlay(26)
Colonist Ben Harris (/mob/living/carbon/human): update mutantrace(0)
Colonist Ben Harris (/mob/living/carbon/human): regenerate icons()
Colonist Ben Harris\'s head (/obj/item/limb/head): New(the dirt (167,165,1) (/turf/open/gm/dirt), Colonist Ben Harris (/mob/living/carbon/human))
head (/datum/limb/head): droplimb(null, 0)
head (/datum/limb/head): take damage(100, 0, 0, 0, null, /list (/list), null)
head (/datum/limb/head): take damage(100, 0, 0, 0, null, /list (/list))
Colonist Ben Harris (/mob/living/carbon/human): take overall damage(100, 0, 0, 0, null)
Colonist Ben Harris (/mob/living/carbon/human): adjustBruteLoss(100)
Colonist Ben Harris (/obj/effect/landmark/corpsespawner/doctor): createCorpse()
Colonist Ben Harris (/obj/effect/landmark/corpsespawner/doctor): initialize()
Objects (/datum/controller/process/objects): setup()
/datum/controller/processSched... (/datum/controller/processScheduler): addProcess(Objects (/datum/controller/process/objects))
/datum/controller/processSched... (/datum/controller/processScheduler): setup()
world: New()
runtime error: list index out of bounds
proc name: apply overlay (/mob/living/carbon/human/apply_overlay)
  source file: update_icons.dm,102
  usr: null
  src: Colonist Ben Harris (/mob/living/carbon/human)
  src.loc: the dirt (167,165,1) (/turf/open/gm/dirt)
  call stack:
Colonist Ben Harris (/mob/living/carbon/human): apply overlay(26)
Colonist Ben Harris (/mob/living/carbon/human): update mutantrace(0)
Colonist Ben Harris (/mob/living/carbon/human): regenerate icons()
Colonist Ben Harris\'s head (/obj/item/limb/head): New(the dirt (167,165,1) (/turf/open/gm/dirt), Colonist Ben Harris (/mob/living/carbon/human))
head (/datum/limb/head): droplimb(null, 0)
head (/datum/limb/head): take damage(100, 0, 0, 0, null, /list (/list), null)
head (/datum/limb/head): take damage(100, 0, 0, 0, null, /list (/list))
Colonist Ben Harris (/mob/living/carbon/human): take overall damage(100, 0, 0, 0, null)
Colonist Ben Harris (/mob/living/carbon/human): adjustBruteLoss(100)
Colonist Ben Harris (/obj/effect/landmark/corpsespawner/doctor): createCorpse()
Colonist Ben Harris (/obj/effect/landmark/corpsespawner/doctor): initialize()
Objects (/datum/controller/process/objects): setup()
/datum/controller/processSched... (/datum/controller/processScheduler): addProcess(Objects (/datum/controller/process/objects))
/datum/controller/processSched... (/datum/controller/processScheduler): setup()
world: New()
runtime error: list index out of bounds
proc name: remove overlay (/mob/living/carbon/human/remove_overlay)
  source file: update_icons.dm,107
  usr: (src)
  src: Mr. Johnson Telovin (/mob/living/carbon/human)
  src.loc: the floor (53,30,1) (/turf/open/floor)
  call stack:
Mr. Johnson Telovin (/mob/living/carbon/human): remove overlay(26)
Mr. Johnson Telovin (/mob/living/carbon/human): update mutantrace(0)
Mr. Johnson Telovin (/mob/living/carbon/human): regenerate icons()
Mr. Johnson Telovin (/mob/living/carbon/human): set species("Human", null)
runtime error: list index out of bounds
proc name: apply overlay (/mob/living/carbon/human/apply_overlay)
  source file: update_icons.dm,102
  usr: (src)
  src: Mr. Johnson Telovin (/mob/living/carbon/human)
  src.loc: the floor (53,30,1) (/turf/open/floor)
  call stack:
Mr. Johnson Telovin (/mob/living/carbon/human): apply overlay(26)
Mr. Johnson Telovin (/mob/living/carbon/human): update mutantrace(0)
Mr. Johnson Telovin (/mob/living/carbon/human): regenerate icons()
Mr. Johnson Telovin (/mob/living/carbon/human): set species("Human", null)
runtime error: list index out of bounds
proc name: remove overlay (/mob/living/carbon/human/remove_overlay)
  source file: update_icons.dm,107
  usr: (src)
  src: Unknown (as Colonist Jan Horri... (/mob/living/carbon/human)
  src.loc: the floor (74,56,1) (/turf/open/floor)
  call stack:
Unknown (as Colonist Jan Horri... (/mob/living/carbon/human): remove overlay(26)
Unknown (as Colonist Jan Horri... (/mob/living/carbon/human): update mutantrace(0)
Unknown (as Colonist Jan Horri... (/mob/living/carbon/human): regenerate icons()
Unknown (as Colonist Jan Horri... (/mob/living/carbon/human): set species("Human", null)
runtime error: list index out of bounds
proc name: apply overlay (/mob/living/carbon/human/apply_overlay)
  source file: update_icons.dm,102
  usr: (src)
  src: Unknown (as Colonist Jan Horri... (/mob/living/carbon/human)
  src.loc: the floor (74,56,1) (/turf/open/floor)
  call stack:
Unknown (as Colonist Jan Horri... (/mob/living/carbon/human): apply overlay(26)
Unknown (as Colonist Jan Horri... (/mob/living/carbon/human): update mutantrace(0)
Unknown (as Colonist Jan Horri... (/mob/living/carbon/human): regenerate icons()
Unknown (as Colonist Jan Horri... (/mob/living/carbon/human): set species("Human", null)
runtime error: list index out of bounds
proc name: remove overlay (/mob/living/carbon/human/remove_overlay)
  source file: update_icons.dm,107
  usr: (src)
  src: Colonist Jed Willis (/mob/living/carbon/human)
  src.loc: the river (21,58,1) (/turf/open/gm/river)
  call stack:
Colonist Jed Willis (/mob/living/carbon/human): remove overlay(26)
Colonist Jed Willis (/mob/living/carbon/human): update mutantrace(0)
Colonist Jed Willis (/mob/living/carbon/human): regenerate icons()
Colonist Jed Willis (/mob/living/carbon/human): set species("Human", null)
runtime error: list index out of bounds
proc name: apply overlay (/mob/living/carbon/human/apply_overlay)
  source file: update_icons.dm,102
  usr: (src)
  src: Colonist Jed Willis (/mob/living/carbon/human)
  src.loc: the river (21,58,1) (/turf/open/gm/river)
  call stack:
Colonist Jed Willis (/mob/living/carbon/human): apply overlay(26)
Colonist Jed Willis (/mob/living/carbon/human): update mutantrace(0)
Colonist Jed Willis (/mob/living/carbon/human): regenerate icons()
Colonist Jed Willis (/mob/living/carbon/human): set species("Human", null)
runtime error: list index out of bounds
proc name: remove overlay (/mob/living/carbon/human/remove_overlay)
  source file: update_icons.dm,107
  usr: (src)
  src: Unknown (as Colonist Tevin Mar... (/mob/living/carbon/human)
  src.loc: the floor (73,65,1) (/turf/open/floor)
  call stack:
Unknown (as Colonist Tevin Mar... (/mob/living/carbon/human): remove overlay(26)
Unknown (as Colonist Tevin Mar... (/mob/living/carbon/human): update mutantrace(0)
Unknown (as Colonist Tevin Mar... (/mob/living/carbon/human): regenerate icons()
Unknown (as Colonist Tevin Mar... (/mob/living/carbon/human): set species("Human", null)
runtime error: list index out of bounds
proc name: apply overlay (/mob/living/carbon/human/apply_overlay)
  source file: update_icons.dm,102
  usr: (src)
  src: Unknown (as Colonist Tevin Mar... (/mob/living/carbon/human)
  src.loc: the floor (73,65,1) (/turf/open/floor)
  call stack:
Unknown (as Colonist Tevin Mar... (/mob/living/carbon/human): apply overlay(26)
Unknown (as Colonist Tevin Mar... (/mob/living/carbon/human): update mutantrace(0)
Unknown (as Colonist Tevin Mar... (/mob/living/carbon/human): regenerate icons()
Unknown (as Colonist Tevin Mar... (/mob/living/carbon/human): set species("Human", null)
runtime error: list index out of bounds
proc name: remove overlay (/mob/living/carbon/human/remove_overlay)
  source file: update_icons.dm,107
  usr: (src)
  src: Colonist Roester Kalin (/mob/living/carbon/human)
  src.loc: the floor (59,105,1) (/turf/open/floor)
  call stack:
Colonist Roester Kalin (/mob/living/carbon/human): remove overlay(26)
Colonist Roester Kalin (/mob/living/carbon/human): update mutantrace(0)
Colonist Roester Kalin (/mob/living/carbon/human): regenerate icons()
Colonist Roester Kalin (/mob/living/carbon/human): set species("Human", null)
runtime error: list index out of bounds
proc name: apply overlay (/mob/living/carbon/human/apply_overlay)
  source file: update_icons.dm,102
  usr: (src)
  src: Colonist Roester Kalin (/mob/living/carbon/human)
  src.loc: the floor (59,105,1) (/turf/open/floor)
  call stack:
Colonist Roester Kalin (/mob/living/carbon/human): apply overlay(26)
Colonist Roester Kalin (/mob/living/carbon/human): update mutantrace(0)
Colonist Roester Kalin (/mob/living/carbon/human): regenerate icons()
Colonist Roester Kalin (/mob/living/carbon/human): set species("Human", null)
runtime error: list index out of bounds
proc name: remove overlay (/mob/living/carbon/human/remove_overlay)
  source file: update_icons.dm,107
  usr: (src)
  src: the unknown (/mob/living/carbon/human)
  src.loc: the floor (124,147,1) (/turf/open/shuttle)
  call stack:
the unknown (/mob/living/carbon/human): remove overlay(26)
the unknown (/mob/living/carbon/human): update mutantrace(0)
the unknown (/mob/living/carbon/human): regenerate icons()
the unknown (/mob/living/carbon/human): set species("Human", null)
runtime error: list index out of bounds
proc name: apply overlay (/mob/living/carbon/human/apply_overlay)
  source file: update_icons.dm,102
  usr: (src)
  src: the unknown (/mob/living/carbon/human)
  src.loc: the floor (124,147,1) (/turf/open/shuttle)
  call stack:
the unknown (/mob/living/carbon/human): apply overlay(26)
the unknown (/mob/living/carbon/human): update mutantrace(0)
the unknown (/mob/living/carbon/human): regenerate icons()
the unknown (/mob/living/carbon/human): set species("Human", null)
runtime error: list index out of bounds
proc name: remove overlay (/mob/living/carbon/human/remove_overlay)
  source file: update_icons.dm,107
  usr: (src)
  src: Colonist Innio Morris (/mob/living/carbon/human)
  src.loc: the dirt (15,158,1) (/turf/open/gm/dirt)
  call stack:
Colonist Innio Morris (/mob/living/carbon/human): remove overlay(26)
Colonist Innio Morris (/mob/living/carbon/human): update mutantrace(0)
Colonist Innio Morris (/mob/living/carbon/human): regenerate icons()
Colonist Innio Morris (/mob/living/carbon/human): set species("Human", null)
runtime error: list index out of bounds
proc name: apply overlay (/mob/living/carbon/human/apply_overlay)
  source file: update_icons.dm,102
  usr: (src)
  src: Colonist Innio Morris (/mob/living/carbon/human)
  src.loc: the dirt (15,158,1) (/turf/open/gm/dirt)
  call stack:
Colonist Innio Morris (/mob/living/carbon/human): apply overlay(26)
Colonist Innio Morris (/mob/living/carbon/human): update mutantrace(0)
Colonist Innio Morris (/mob/living/carbon/human): regenerate icons()
Colonist Innio Morris (/mob/living/carbon/human): set species("Human", null)
runtime error: list index out of bounds
proc name: remove overlay (/mob/living/carbon/human/remove_overlay)
  source file: update_icons.dm,107
  usr: (src)
  src: Colonist Braxton Oxto (/mob/living/carbon/human)
  src.loc: the dirt (17,158,1) (/turf/open/gm/dirt)
  call stack:
Colonist Braxton Oxto (/mob/living/carbon/human): remove overlay(26)
Colonist Braxton Oxto (/mob/living/carbon/human): update mutantrace(0)
Colonist Braxton Oxto (/mob/living/carbon/human): regenerate icons()
Colonist Braxton Oxto (/mob/living/carbon/human): set species("Human", null)
runtime error: list index out of bounds
proc name: apply overlay (/mob/living/carbon/human/apply_overlay)
  source file: update_icons.dm,102
  usr: (src)
  src: Colonist Braxton Oxto (/mob/living/carbon/human)
  src.loc: the dirt (17,158,1) (/turf/open/gm/dirt)
  call stack:
Colonist Braxton Oxto (/mob/living/carbon/human): apply overlay(26)
Colonist Braxton Oxto (/mob/living/carbon/human): update mutantrace(0)
Colonist Braxton Oxto (/mob/living/carbon/human): regenerate icons()
Colonist Braxton Oxto (/mob/living/carbon/human): set species("Human", null)
runtime error: list index out of bounds
proc name: remove overlay (/mob/living/carbon/human/remove_overlay)
  source file: update_icons.dm,107
  usr: (src)
  src: Unknown (as Colonist Kira Von) (/mob/living/carbon/human)
  src.loc: the dirt (18,158,1) (/turf/open/gm/dirt)
  call stack:
Unknown (as Colonist Kira Von) (/mob/living/carbon/human): remove overlay(26)
Unknown (as Colonist Kira Von) (/mob/living/carbon/human): update mutantrace(0)
Unknown (as Colonist Kira Von) (/mob/living/carbon/human): regenerate icons()
Unknown (as Colonist Kira Von) (/mob/living/carbon/human): set species("Human", null)
runtime error: list index out of bounds
proc name: apply overlay (/mob/living/carbon/human/apply_overlay)
  source file: update_icons.dm,102
runtime error: list index out of bounds
proc name: remove overlay (/mob/living/carbon/human/remove_overlay)
  source file: update_icons.dm,107
runtime error: list index out of bounds
proc name: apply overlay (/mob/living/carbon/human/apply_overlay)
  source file: update_icons.dm,102
runtime error: list index out of bounds
proc name: remove overlay (/mob/living/carbon/human/remove_overlay)
  source file: update_icons.dm,107
runtime error: list index out of bounds
proc name: apply overlay (/mob/living/carbon/human/apply_overlay)
  source file: update_icons.dm,102
runtime error: list index out of bounds
proc name: remove overlay (/mob/living/carbon/human/remove_overlay)
  source file: update_icons.dm,107
runtime error: list index out of bounds
proc name: apply overlay (/mob/living/carbon/human/apply_overlay)
  source file: update_icons.dm,102
runtime error: list index out of bounds
proc name: remove overlay (/mob/living/carbon/human/remove_overlay)
  source file: update_icons.dm,107
runtime error: list index out of bounds
proc name: apply overlay (/mob/living/carbon/human/apply_overlay)
  source file: update_icons.dm,102
runtime error: list index out of bounds
proc name: remove overlay (/mob/living/carbon/human/remove_overlay)
  source file: update_icons.dm,107
runtime error: list index out of bounds
proc name: apply overlay (/mob/living/carbon/human/apply_overlay)
  source file: update_icons.dm,102
runtime error: list index out of bounds
proc name: remove overlay (/mob/living/carbon/human/remove_overlay)
  source file: update_icons.dm,107
runtime error: list index out of bounds
proc name: apply overlay (/mob/living/carbon/human/apply_overlay)
  source file: update_icons.dm,102
runtime error: list index out of bounds
proc name: remove overlay (/mob/living/carbon/human/remove_overlay)
  source file: update_icons.dm,107
runtime error: list index out of bounds
proc name: apply overlay (/mob/living/carbon/human/apply_overlay)
  source file: update_icons.dm,102
runtime error: list index out of bounds
proc name: remove overlay (/mob/living/carbon/human/remove_overlay)
  source file: update_icons.dm,107
runtime error: list index out of bounds
proc name: apply overlay (/mob/living/carbon/human/apply_overlay)
  source file: update_icons.dm,102
runtime error: list index out of bounds
proc name: remove overlay (/mob/living/carbon/human/remove_overlay)
  source file: update_icons.dm,107
runtime error: list index out of bounds
proc name: apply overlay (/mob/living/carbon/human/apply_overlay)
  source file: update_icons.dm,102
runtime error: list index out of bounds
proc name: remove overlay (/mob/living/carbon/human/remove_overlay)
  source file: update_icons.dm,107
runtime error: list index out of bounds
proc name: apply overlay (/mob/living/carbon/human/apply_overlay)
  source file: update_icons.dm,102
runtime error: list index out of bounds
proc name: remove overlay (/mob/living/carbon/human/remove_overlay)
  source file: update_icons.dm,107
runtime error: list index out of bounds
proc name: apply overlay (/mob/living/carbon/human/apply_overlay)
  source file: update_icons.dm,102
runtime error: list index out of bounds
proc name: remove overlay (/mob/living/carbon/human/remove_overlay)
  source file: update_icons.dm,107
runtime error: list index out of bounds
proc name: apply overlay (/mob/living/carbon/human/apply_overlay)
  source file: update_icons.dm,102
runtime error: list index out of bounds
proc name: remove overlay (/mob/living/carbon/human/remove_overlay)
  source file: update_icons.dm,107
runtime error: list index out of bounds
proc name: apply overlay (/mob/living/carbon/human/apply_overlay)
  source file: update_icons.dm,102
runtime error: list index out of bounds
proc name: remove overlay (/mob/living/carbon/human/remove_overlay)
  source file: update_icons.dm,107
runtime error: list index out of bounds
proc name: apply overlay (/mob/living/carbon/human/apply_overlay)
  source file: update_icons.dm,102
runtime error: list index out of bounds
proc name: remove overlay (/mob/living/carbon/human/remove_overlay)
  source file: update_icons.dm,107
runtime error: list index out of bounds
proc name: apply overlay (/mob/living/carbon/human/apply_overlay)
  source file: update_icons.dm,102
runtime error: list index out of bounds
proc name: remove overlay (/mob/living/carbon/human/remove_overlay)
  source file: update_icons.dm,107
runtime error: list index out of bounds
proc name: apply overlay (/mob/living/carbon/human/apply_overlay)
  source file: update_icons.dm,102
runtime error: list index out of bounds
proc name: remove overlay (/mob/living/carbon/human/remove_overlay)
  source file: update_icons.dm,107
runtime error: list index out of bounds
proc name: apply overlay (/mob/living/carbon/human/apply_overlay)
  source file: update_icons.dm,102
runtime error: list index out of bounds
proc name: remove overlay (/mob/living/carbon/human/remove_overlay)
  source file: update_icons.dm,107
runtime error: list index out of bounds
proc name: apply overlay (/mob/living/carbon/human/apply_overlay)
  source file: update_icons.dm,102
runtime error: list index out of bounds
proc name: remove overlay (/mob/living/carbon/human/remove_overlay)
  source file: update_icons.dm,107
runtime error: list index out of bounds
proc name: apply overlay (/mob/living/carbon/human/apply_overlay)
  source file: update_icons.dm,102
runtime error: list index out of bounds
proc name: remove overlay (/mob/living/carbon/human/remove_overlay)
  source file: update_icons.dm,107
runtime error: list index out of bounds
proc name: apply overlay (/mob/living/carbon/human/apply_overlay)
  source file: update_icons.dm,102
runtime error: list index out of bounds
proc name: remove overlay (/mob/living/carbon/human/remove_overlay)
  source file: update_icons.dm,107
runtime error: list index out of bounds
proc name: apply overlay (/mob/living/carbon/human/apply_overlay)
  source file: update_icons.dm,102
runtime error: list index out of bounds
proc name: remove overlay (/mob/living/carbon/human/remove_overlay)
  source file: update_icons.dm,107
runtime error: list index out of bounds
proc name: apply overlay (/mob/living/carbon/human/apply_overlay)
  source file: update_icons.dm,102
runtime error: list index out of bounds
proc name: remove overlay (/mob/living/carbon/human/remove_overlay)
  source file: update_icons.dm,107
runtime error: list index out of bounds
proc name: apply overlay (/mob/living/carbon/human/apply_overlay)
  source file: update_icons.dm,102
runtime error: list index out of bounds
proc name: remove overlay (/mob/living/carbon/human/remove_overlay)
  source file: update_icons.dm,107
runtime error: list index out of bounds
proc name: apply overlay (/mob/living/carbon/human/apply_overlay)
  source file: update_icons.dm,102
runtime error: list index out of bounds
proc name: remove overlay (/mob/living/carbon/human/remove_overlay)
  source file: update_icons.dm,107
runtime error: list index out of bounds
proc name: apply overlay (/mob/living/carbon/human/apply_overlay)
  source file: update_icons.dm,102
runtime error: list index out of bounds
proc name: remove overlay (/mob/living/carbon/human/remove_overlay)
  source file: update_icons.dm,107
runtime error: list index out of bounds
proc name: apply overlay (/mob/living/carbon/human/apply_overlay)
  source file: update_icons.dm,102
runtime error: list index out of bounds
proc name: remove overlay (/mob/living/carbon/human/remove_overlay)
  source file: update_icons.dm,107
runtime error: list index out of bounds
proc name: apply overlay (/mob/living/carbon/human/apply_overlay)
  source file: update_icons.dm,102
runtime error: list index out of bounds
proc name: remove overlay (/mob/living/carbon/human/remove_overlay)
  source file: update_icons.dm,107
runtime error: list index out of bounds
proc name: apply overlay (/mob/living/carbon/human/apply_overlay)
  source file: update_icons.dm,102
World opened on network port 25565.
